
> fiwb-frontend@0.1.0 dev
> next dev

▲ Next.js 16.1.6 (Turbopack)
- Local:         http://localhost:3000
- Network:       http://192.168.0.101:3000
- Environments: .env.local

✓ Starting...
✓ Ready in 926ms
○ Compiling / ...
 GET / 200 in 3.5s (compile: 3.2s, render: 243ms)
 GET / 200 in 59ms (compile: 6ms, render: 54ms)
 GET / 200 in 44ms (compile: 4ms, render: 40ms)
 GET /dashboard 200 in 686ms (compile: 656ms, render: 30ms)
 GET /dashboard 200 in 141ms (compile: 11ms, render: 130ms)
 GET /dashboard 200 in 70ms (compile: 9ms, render: 61ms)
 GET /dashboard 200 in 58ms (compile: 7ms, render: 52ms)
 GET / 200 in 45ms (compile: 7ms, render: 38ms)
 GET /dashboard 200 in 21ms (compile: 5ms, render: 16ms)
 GET / 200 in 41ms (compile: 7ms, render: 34ms)
 GET /dashboard 200 in 29ms (compile: 10ms, render: 20ms)
 GET / 200 in 41ms (compile: 6ms, render: 35ms)
 GET /dashboard 200 in 20ms (compile: 4ms, render: 16ms)
 GET /chat?q=which+is+the+latest+email+ive+recived+from+sid 200 in 1200ms (compile: 1169ms, render: 31ms)
 GET /dashboard 200 in 23ms (compile: 6ms, render: 17ms)
 GET /chat?q=which+is+the+most+recent+gmail+message+ive+recieved 200 in 23ms (compile: 6ms, render: 17ms)
 GET /dashboard 200 in 25ms (compile: 4ms, render: 21ms)
 GET /chat?q=what+is+tomorrows+seating+arrangement+for+MA105+test 200 in 24ms (compile: 5ms, render: 19ms)
 GET /dashboard 200 in 26ms (compile: 6ms, render: 20ms)
 GET /chat?q=tell+me+more+about+savar+chawla 200 in 23ms (compile: 5ms, render: 18ms)
